<?xml version="1.0" encoding="UTF-8"?>
<coverage generated="1496419961951" clover="3.2.0">
  <project timestamp="1496419961951" name="All files">
    <metrics statements="16" coveredstatements="15" conditionals="18" coveredconditionals="16" methods="2" coveredmethods="2" elements="36" coveredelements="33" complexity="0" loc="16" ncloc="16" packages="1" files="1" classes="1">
      <file name="index.js" path="C:\module_practice\src\index.js">
        <metrics statements="16" coveredstatements="15" conditionals="18" coveredconditionals="16" methods="2" coveredmethods="2"/>
        <line num="9" count="6" type="cond" truecount="4" falsecount="0"/>
        <line num="10" count="1" type="stmt"/>
        <line num="12" count="5" type="stmt"/>
        <line num="13" count="5" type="stmt"/>
        <line num="14" count="5" type="cond" truecount="2" falsecount="0"/>
        <line num="15" count="5" type="stmt"/>
        <line num="16" count="5" type="stmt"/>
        <line num="17" count="5" type="stmt"/>
        <line num="18" count="5" type="cond" truecount="2" falsecount="0"/>
        <line num="19" count="5" type="stmt"/>
        <line num="25" count="5" type="cond" truecount="4" falsecount="0"/>
        <line num="26" count="3" type="stmt"/>
        <line num="28" count="2" type="cond" truecount="1" falsecount="1"/>
        <line num="29" count="0" type="stmt"/>
        <line num="31" count="2" type="stmt"/>
        <line num="34" count="11" type="stmt"/>
      </file>
    </metrics>
  </project>
</coverage>
