{"C:\\module_practice\\src\\index.js": {"path":"C:\\module_practice\\src\\index.js","statementMap":{"0":{"start":{"line":9,"column":2},"end":{"line":11,"column":3}},"1":{"start":{"line":10,"column":6},"end":{"line":10,"column":18}},"2":{"start":{"line":12,"column":16},"end":{"line":12,"column":39}},"3":{"start":{"line":13,"column":16},"end":{"line":13,"column":35}},"4":{"start":{"line":14,"column":19},"end":{"line":14,"column":89}},"5":{"start":{"line":15,"column":17},"end":{"line":15,"column":59}},"6":{"start":{"line":16,"column":16},"end":{"line":16,"column":37}},"7":{"start":{"line":17,"column":16},"end":{"line":17,"column":33}},"8":{"start":{"line":18,"column":19},"end":{"line":18,"column":87}},"9":{"start":{"line":19,"column":17},"end":{"line":19,"column":57}},"10":{"start":{"line":25,"column":2},"end":{"line":27,"column":3}},"11":{"start":{"line":26,"column":6},"end":{"line":26,"column":74}},"12":{"start":{"line":28,"column":2},"end":{"line":30,"column":3}},"13":{"start":{"line":29,"column":6},"end":{"line":29,"column":84}},"14":{"start":{"line":31,"column":2},"end":{"line":31,"column":89}},"15":{"start":{"line":34,"column":6},"end":{"line":34,"column":70}}},"fnMap":{"0":{"name":"humanDateRange","decl":{"start":{"line":1,"column":24},"end":{"line":1,"column":38}},"loc":{"start":{"line":7,"column":5},"end":{"line":32,"column":1}},"line":7},"1":{"name":"isDate","decl":{"start":{"line":33,"column":11},"end":{"line":33,"column":17}},"loc":{"start":{"line":33,"column":24},"end":{"line":35,"column":3}},"line":33}},"branchMap":{"0":{"loc":{"start":{"line":2,"column":0},"end":{"line":7,"column":4}},"type":"default-arg","locations":[{"start":{"line":7,"column":2},"end":{"line":7,"column":4}}],"line":2},"1":{"loc":{"start":{"line":4,"column":1},"end":{"line":4,"column":19}},"type":"default-arg","locations":[{"start":{"line":4,"column":14},"end":{"line":4,"column":19}}],"line":4},"2":{"loc":{"start":{"line":5,"column":1},"end":{"line":5,"column":14}},"type":"default-arg","locations":[{"start":{"line":5,"column":7},"end":{"line":5,"column":14}}],"line":5},"3":{"loc":{"start":{"line":6,"column":1},"end":{"line":6,"column":16}},"type":"default-arg","locations":[{"start":{"line":6,"column":9},"end":{"line":6,"column":16}}],"line":6},"4":{"loc":{"start":{"line":9,"column":2},"end":{"line":11,"column":3}},"type":"if","locations":[{"start":{"line":9,"column":2},"end":{"line":11,"column":3}},{"start":{"line":9,"column":2},"end":{"line":11,"column":3}}],"line":9},"5":{"loc":{"start":{"line":9,"column":6},"end":{"line":9,"column":44}},"type":"binary-expr","locations":[{"start":{"line":9,"column":6},"end":{"line":9,"column":24}},{"start":{"line":9,"column":28},"end":{"line":9,"column":44}}],"line":9},"6":{"loc":{"start":{"line":14,"column":19},"end":{"line":14,"column":89}},"type":"cond-expr","locations":[{"start":{"line":14,"column":34},"end":{"line":14,"column":84}},{"start":{"line":14,"column":87},"end":{"line":14,"column":89}}],"line":14},"7":{"loc":{"start":{"line":18,"column":19},"end":{"line":18,"column":87}},"type":"cond-expr","locations":[{"start":{"line":18,"column":34},"end":{"line":18,"column":82}},{"start":{"line":18,"column":85},"end":{"line":18,"column":87}}],"line":18},"8":{"loc":{"start":{"line":25,"column":2},"end":{"line":27,"column":3}},"type":"if","locations":[{"start":{"line":25,"column":2},"end":{"line":27,"column":3}},{"start":{"line":25,"column":2},"end":{"line":27,"column":3}}],"line":25},"9":{"loc":{"start":{"line":25,"column":6},"end":{"line":25,"column":42}},"type":"binary-expr","locations":[{"start":{"line":25,"column":6},"end":{"line":25,"column":21}},{"start":{"line":25,"column":25},"end":{"line":25,"column":42}}],"line":25},"10":{"loc":{"start":{"line":28,"column":2},"end":{"line":30,"column":3}},"type":"if","locations":[{"start":{"line":28,"column":2},"end":{"line":30,"column":3}},{"start":{"line":28,"column":2},"end":{"line":30,"column":3}}],"line":28}},"s":{"0":6,"1":1,"2":5,"3":5,"4":5,"5":5,"6":5,"7":5,"8":5,"9":5,"10":5,"11":3,"12":2,"13":0,"14":2,"15":11},"f":{"0":6,"1":11},"b":{"0":[0],"1":[4],"2":[5],"3":[5],"4":[1,5],"5":[6,5],"6":[2,3],"7":[2,3],"8":[3,2],"9":[5,3],"10":[0,2]},"_coverageSchema":"332fd63041d2c1bcb487cc26dd0d5f7d97098a6c","hash":"7d0e24ff7a48d850a19e296aa7a94eb8da7510d1"}
}
