TN:
SF:C:\module_practice\src\index.js
FN:1,humanDateRange
FN:33,isDate
FNF:2
FNH:2
FNDA:6,humanDateRange
FNDA:11,isDate
DA:9,6
DA:10,1
DA:12,5
DA:13,5
DA:14,5
DA:15,5
DA:16,5
DA:17,5
DA:18,5
DA:19,5
DA:25,5
DA:26,3
DA:28,2
DA:29,0
DA:31,2
DA:34,11
LF:16
LH:15
BRDA:2,0,0,0
BRDA:4,1,0,4
BRDA:5,2,0,5
BRDA:6,3,0,5
BRDA:9,4,0,1
BRDA:9,4,1,5
BRDA:9,5,0,6
BRDA:9,5,1,5
BRDA:14,6,0,2
BRDA:14,6,1,3
BRDA:18,7,0,2
BRDA:18,7,1,3
BRDA:25,8,0,3
BRDA:25,8,1,2
BRDA:25,9,0,5
BRDA:25,9,1,3
BRDA:28,10,0,0
BRDA:28,10,1,2
BRF:18
BRH:16
end_of_record
